<?xml version="1.0" encoding="UTF-8"?>
<!-- Generated by org.testng.reporters.JUnitReportReporter -->
<testsuite hostname="Shrini16" failures="1" tests="5" name="Selenium9924.Project" time="23.693" errors="0" timestamp="2023-10-15T22:38:49 IST" skipped="0">
  <testcase classname="Selenium9924.Project" name="tearDown" time="0.492">
    <failure message="The following asserts failed:
	Page title does not match Gmail expected [Gmail - Email from Google] but found [Gmail: Private and secure email at no cost | Google Workspace],
	Page title does not match Google Images expected [Google Images] but found [Selenium TestNG - Google Search]" type="java.lang.AssertionError">
      <![CDATA[java.lang.AssertionError: The following asserts failed:
Page title does not match Gmail expected [Gmail - Email from Google] but found [Gmail: Private and secure email at no cost | Google Workspace],
Page title does not match Google Images expected [Google Images] but found [Selenium TestNG - Google Search]
at org.testng.asserts.SoftAssert.assertAll(SoftAssert.java:46)
at org.testng.asserts.SoftAssert.assertAll(SoftAssert.java:30)
at Selenium9924.Project.tearDown(Project.java:88)
at java.base/jdk.internal.reflect.NativeMethodAccessorImpl.invoke0(Native Method)
at java.base/jdk.internal.reflect.NativeMethodAccessorImpl.invoke(NativeMethodAccessorImpl.java:77)
at java.base/jdk.internal.reflect.DelegatingMethodAccessorImpl.invoke(DelegatingMethodAccessorImpl.java:43)
at java.base/java.lang.reflect.Method.invoke(Method.java:568)
at org.testng.internal.invokers.MethodInvocationHelper.invokeMethod(MethodInvocationHelper.java:139)
at org.testng.internal.invokers.MethodInvocationHelper.invokeMethodConsideringTimeout(MethodInvocationHelper.java:69)
at org.testng.internal.invokers.ConfigInvoker.invokeConfigurationMethod(ConfigInvoker.java:390)
at org.testng.internal.invokers.ConfigInvoker.invokeConfigurations(ConfigInvoker.java:325)
at org.testng.SuiteRunner.privateRun(SuiteRunner.java:410)
at org.testng.SuiteRunner.run(SuiteRunner.java:336)
at org.testng.SuiteRunnerWorker.runSuite(SuiteRunnerWorker.java:52)
at org.testng.SuiteRunnerWorker.run(SuiteRunnerWorker.java:95)
at org.testng.TestNG.runSuitesSequentially(TestNG.java:1280)
at org.testng.TestNG.runSuitesLocally(TestNG.java:1200)
at org.testng.TestNG.runSuites(TestNG.java:1114)
at org.testng.TestNG.run(TestNG.java:1082)
at org.testng.remote.AbstractRemoteTestNG.run(AbstractRemoteTestNG.java:115)
at org.testng.remote.RemoteTestNG.initAndRun(RemoteTestNG.java:251)
at org.testng.remote.RemoteTestNG.main(RemoteTestNG.java:77)
]]>
    </failure>
  </testcase> <!-- tearDown -->
  <testcase classname="Selenium9924.Project" name="testGoogleTitle" time="4.806"/>
  <testcase classname="Selenium9924.Project" name="testGoogleSearch" time="6.864"/>
  <testcase classname="Selenium9924.Project" name="testGoogleGmail" time="7.524"/>
  <testcase classname="Selenium9924.Project" name="testGoogleImagesAfterSearch" time="4.007"/>
</testsuite> <!-- Selenium9924.Project -->
